[04:39:16.372][INFO]: Successfully injected RecipeFS file system
[04:39:16.415][INFO]: Successfully identified and loaded plugin crafttweaker:builtin
[04:39:16.417][INFO]: Successfully identified and loaded plugin crafttweaker:builtin_forge
[04:39:16.424][INFO]: Successfully identified and loaded plugin farmersdelight:crafttweaker_plugin
[04:39:17.108][INFO]: The following mods have explicit CraftTweaker support through the default plugin:
[04:39:17.112][INFO]: - 'aether' at version '1.19.2-1.4.2-forge'
[04:39:17.112][INFO]: - 'aquaculture' at version '1.19.2-2.4.17'
[04:39:17.112][INFO]: - 'crafttweaker' at version '10.1.56'
[04:39:17.112][INFO]: - 'farmersdelight' at version '1.19.2-1.2.4'
[04:39:17.112][INFO]: - 'gamestages' at version '11.1.4'
[04:39:17.112][INFO]: - 'itemstages' at version '5.1.4'
[04:39:29.516][INFO]: Started loading scripts for loader 'initialize'
[04:39:30.232][INFO]: Compiling and executing scripts
[04:39:30.304][INFO]: Successfully initialized modules [crafttweaker, expansions]
[04:39:30.498][INFO]: Execution for loader 'initialize' completed successfully
[04:39:42.878][INFO]: Started loading scripts for loader 'tags'
[04:39:42.921][INFO]: Compiling and executing scripts
[04:39:42.943][INFO]: Successfully initialized modules [crafttweaker, expansions]
[04:39:42.958][INFO]: Execution for loader 'tags' completed successfully
[04:39:49.394][INFO]: Started loading scripts for loader 'crafttweaker'
[04:39:49.423][INFO]: Compiling and executing scripts
[04:39:49.878][INFO]: Successfully initialized modules [mods, crafttweaker, expansions]
[04:39:49.884][INFO]: Loading file 'Cisco.zs' with priority 0
[04:39:49.938][INFO]: Hello world!
[04:39:49.942][INFO]: Adding 'minecraft:smithing' recipe, with name: 'crafttweaker:dreadsteel_chestplate' that outputs: '<item:dreadsteel:dreadsteel_chestplate>'
[04:39:49.942][INFO]: Adding 'minecraft:smithing' recipe, with name: 'crafttweaker:dreadsteel_helmet' that outputs: '<item:dreadsteel:dreadsteel_helmet>'
[04:39:49.942][INFO]: Adding 'minecraft:smithing' recipe, with name: 'crafttweaker:dreadsteel_boots' that outputs: '<item:dreadsteel:dreadsteel_boots>'
[04:39:49.943][INFO]: Adding 'minecraft:smithing' recipe, with name: 'crafttweaker:dreadsteel_leggings' that outputs: '<item:dreadsteel:dreadsteel_leggings>'
[04:39:49.943][INFO]: Adding 'minecraft:crafting' recipe, of type: "shapeless", with name: 'crafttweaker:dreadsteel_ingot_recipe' that outputs: '<item:dreadsteel:dreadsteel_ingot>'
[04:39:49.943][INFO]: Adding 'minecraft:crafting' recipe, of type: "shapeless", with name: 'crafttweaker:dreadsteel_scythe_recipe' that outputs: '<item:dreadsteel:dreadsteel_scythe>'
[04:39:49.943][INFO]: Adding 'minecraft:crafting' recipe, of type: "shapeless", with name: 'crafttweaker:dreadsteel_shield_recipe' that outputs: '<item:dreadsteel:dreadsteel_shield>'
[04:39:49.944][INFO]: Removing "minecraft:crafting" recipes with modid: "dreadsteel"
[04:39:49.947][INFO]: Adding 'minecraft:crafting' recipe, of type: "shapeless", with name: 'crafttweaker:amnesia_scroll' that outputs: '<item:skilltree:amnesia_scroll>'
[04:39:49.947][INFO]: Adding 'minecraft:crafting' recipe, of type: "shapeless", with name: 'crafttweaker:true_dragons_breath' that outputs: '<item:cisco_mod:true_dragons_breath>'
[04:39:49.950][INFO]: Adding 'minecraft:crafting' recipe, of type: "shapeless", with name: 'crafttweaker:rogue_eye' that outputs: '<item:endrem:rogue_eye>.withTag({Damage: 0})'
[04:39:49.950][INFO]: Adding 'minecraft:crafting' recipe, of type: "shapeless", with name: 'crafttweaker:undead_soul' that outputs: '<item:endrem:undead_soul>'
[04:39:49.951][INFO]: Adding 'minecraft:crafting' recipe, of type: "shapeless", with name: 'crafttweaker:demonium_ingot_recipe' that outputs: '<item:cisco_mod:demonium_ingot>'
[04:39:49.951][INFO]: Adding 'minecraft:crafting' recipe, of type: "shapeless", with name: 'crafttweaker:frigidium_ingot_recipe' that outputs: '<item:cisco_mod:frigidiumingot>'
[04:39:49.951][INFO]: Execution for loader 'crafttweaker' completed successfully
[04:39:49.952][INFO]: This reload was made possible by Quaternary and more! Become a patron at https://patreon.com/jaredlll08?s=crtmod
