[16Oct2025 00:00:32.519] [Server thread/WARN] [ModernFix/]: The namespace repurposed_structures contains an outdated structure file, which can cause worldgen lag. Please view debug.log for the full filename, determine which mod provides the structure, and report to the mod/datapack author, including the debug log.
[16Oct2025 00:00:33.785] [Server thread/WARN] [ModernFix/]: The namespace savage_and_ravage contains an outdated structure file, which can cause worldgen lag. Please view debug.log for the full filename, determine which mod provides the structure, and report to the mod/datapack author, including the debug log.
[16Oct2025 00:00:42.248] [Server thread/INFO] [com.teampotato.redirector.Redirector/]: Redirecting net/minecraft/world/entity/animal/axolotl/Axolotl$Variant
[16Oct2025 00:00:49.198] [pool-11-thread-1/INFO] [com.teampotato.redirector.Redirector/]: Redirecting net/minecraft/world/level/levelgen/structure/StructureCheckResult
[16Oct2025 00:01:51.650] [Server thread/INFO] [net.minecraft.server.MinecraftServer/]: Davio has made the advancement [Shards of the Past]
[16Oct2025 00:02:05.999] [Server thread/INFO] [net.minecraft.server.MinecraftServer/]: Davio was slain by Equestrian
[16Oct2025 00:02:06.002] [Server thread/INFO] [Enigmatic Legacy/INFO]: Teared Soul Crystal from Davio at X: -57.009502410871946, Y: 70.0, Z: -288.51602447455156
[16Oct2025 00:02:06.079] [Netty Epoll Server IO #1/ERROR] [net.bettercombat.network.ServerNetwork/]: Server handling Packets.C2S_AttackRequest - No current attack hand!
[16Oct2025 00:02:06.079] [Netty Epoll Server IO #1/ERROR] [net.bettercombat.network.ServerNetwork/]: Combo count: 0 is dual wielding: false
[16Oct2025 00:02:06.079] [Netty Epoll Server IO #1/ERROR] [net.bettercombat.network.ServerNetwork/]: Main-hand stack: 1 air
[16Oct2025 00:02:06.080] [Netty Epoll Server IO #1/ERROR] [net.bettercombat.network.ServerNetwork/]: Off-hand stack: 1 air
[16Oct2025 00:02:06.080] [Netty Epoll Server IO #1/ERROR] [net.bettercombat.network.ServerNetwork/]: Selected slot server: 1 | client: 1
[16Oct2025 00:02:38.817] [Server thread/INFO] [Enigmatic Legacy/INFO]: Player Davio picking up: PermanentItemEntity['Soul Crystal'/2750, l='ServerLevel[Novo mundo]', x=-16.38, y=59.96, z=56.57]
[16Oct2025 00:02:38.818] [Server thread/WARN] [Enigmatic Legacy/WARNING]: [WARN] Removing Permanent Item Entity: PermanentItemEntity['Soul Crystal'/2750, l='ServerLevel[Novo mundo]', x=-16.38, y=59.96, z=56.57]
[16Oct2025 00:02:49.350] [Server thread/WARN] [net.minecraft.world.level.storage.loot.functions.SetItemDamageFunction/]: Couldn't set damage of loot item 1 netherite_scrap
[16Oct2025 00:02:49.350] [Server thread/WARN] [net.minecraft.world.level.storage.loot.functions.SetItemDamageFunction/]: Couldn't set damage of loot item 1 diamond
[16Oct2025 00:02:49.351] [Server thread/WARN] [net.minecraft.world.level.storage.loot.functions.SetItemDamageFunction/]: Couldn't set damage of loot item 1 gem_dust
[16Oct2025 00:02:49.351] [Server thread/WARN] [net.minecraft.world.level.storage.loot.functions.SetItemDamageFunction/]: Couldn't set damage of loot item 1 diamond
[16Oct2025 00:02:56.651] [Server thread/WARN] [net.minecraft.server.network.ServerGamePacketListenerImpl/]: Davio moved wrongly!
[16Oct2025 00:04:12.096] [Server thread/INFO] [net.minecraft.server.MinecraftServer/]: Davio was slain by Davio
[16Oct2025 00:04:12.098] [Server thread/INFO] [Enigmatic Legacy/INFO]: Teared Soul Crystal from Davio at X: -51.489309971501214, Y: 68.1212968405392, Z: -241.29487205709216
[16Oct2025 00:04:21.119] [Server thread/INFO] [net.minecraft.world.entity.LivingEntity/]: Named entity EquestrianEntity['Davio'/8534, l='ServerLevel[Novo mundo]', x=-52.82, y=68.00, z=-254.38] died: Davio was slain by mauro
[16Oct2025 00:04:25.178] [Server thread/INFO] [net.minecraft.world.entity.LivingEntity/]: Named entity EquestrianEntity['Davio'/7952, l='ServerLevel[Novo mundo]', x=-51.04, y=68.00, z=-243.66] died: Davio was slain by mauro
[16Oct2025 00:06:28.145] [Server thread/INFO] [com.teampotato.redirector.Redirector/]: Redirecting com/ilexiconn/llibrary/server/animation/AnimationHandler
[16Oct2025 00:07:03.247] [Server thread/INFO] [Enigmatic Legacy/INFO]: Player Davio picking up: PermanentItemEntity['Soul Crystal'/8536, l='ServerLevel[Novo mundo]', x=-51.49, y=69.62, z=-241.29]
[16Oct2025 00:07:03.248] [Server thread/WARN] [Enigmatic Legacy/WARNING]: [WARN] Removing Permanent Item Entity: PermanentItemEntity['Soul Crystal'/8536, l='ServerLevel[Novo mundo]', x=-51.49, y=69.62, z=-241.29]
[16Oct2025 00:07:19.093] [Server thread/INFO] [Enigmatic Legacy/INFO]: Player Davio picking up: PermanentItemEntity['Soul Crystal'/7992, l='ServerLevel[Novo mundo]', x=-57.01, y=71.50, z=-288.52]
[16Oct2025 00:07:19.094] [Server thread/WARN] [Enigmatic Legacy/WARNING]: [WARN] Removing Permanent Item Entity: PermanentItemEntity['Soul Crystal'/7992, l='ServerLevel[Novo mundo]', x=-57.01, y=71.50, z=-288.52]
[16Oct2025 00:08:11.145] [Server thread/WARN] [net.minecraft.world.level.storage.loot.functions.SetItemDamageFunction/]: Couldn't set damage of loot item 1 gold_ingot
[16Oct2025 00:08:11.146] [Server thread/WARN] [net.minecraft.world.level.storage.loot.functions.SetItemDamageFunction/]: Couldn't set damage of loot item 1 diamond
[16Oct2025 00:08:11.146] [Server thread/WARN] [net.minecraft.world.level.storage.loot.functions.SetItemDamageFunction/]: Couldn't set damage of loot item 1 gem_dust
[16Oct2025 00:08:54.147] [Server thread/WARN] [net.minecraft.server.network.ServerGamePacketListenerImpl/]: mauro moved wrongly!
[16Oct2025 00:10:06.001] [Server thread/INFO] [net.minecraft.server.MinecraftServer/]: Davio has made the advancement [Take Aim]
[16Oct2025 00:10:29.803] [Server thread/INFO] [net.minecraft.server.MinecraftServer/]: Davio was shot by Skeleton
[16Oct2025 00:10:29.805] [Server thread/INFO] [Enigmatic Legacy/INFO]: Teared Soul Crystal from Davio at X: -42.98827496297275, Y: 69.0, Z: 9.327975510233465
[16Oct2025 00:10:29.842] [Server thread/ERROR] [sophisticatedbackpacks/]: Error getting backpack wrapper - Unable to find backpack at slot index 0 in "curios" inventory handler
[16Oct2025 00:10:29.991] [Netty Epoll Server IO #1/ERROR] [net.bettercombat.network.ServerNetwork/]: Server handling Packets.C2S_AttackRequest - No current attack hand!
[16Oct2025 00:10:29.992] [Netty Epoll Server IO #1/ERROR] [net.bettercombat.network.ServerNetwork/]: Combo count: 2 is dual wielding: false
[16Oct2025 00:10:29.992] [Netty Epoll Server IO #1/ERROR] [net.bettercombat.network.ServerNetwork/]: Main-hand stack: 1 air
[16Oct2025 00:10:29.992] [Netty Epoll Server IO #1/ERROR] [net.bettercombat.network.ServerNetwork/]: Off-hand stack: 1 air
[16Oct2025 00:10:29.992] [Netty Epoll Server IO #1/ERROR] [net.bettercombat.network.ServerNetwork/]: Selected slot server: 1 | client: 1
[16Oct2025 00:10:49.250] [Server thread/INFO] [net.minecraft.server.MinecraftServer/]: Dantesky_001 has made the advancement [Stone Age]
[16Oct2025 00:12:04.149] [Server thread/WARN] [net.minecraft.world.level.storage.loot.functions.SetItemDamageFunction/]: Couldn't set damage of loot item 1 gem_dust
[16Oct2025 00:12:04.149] [Server thread/WARN] [net.minecraft.world.level.storage.loot.functions.SetItemDamageFunction/]: Couldn't set damage of loot item 1 diamond
[16Oct2025 00:12:04.149] [Server thread/WARN] [net.minecraft.world.level.storage.loot.functions.SetItemDamageFunction/]: Couldn't set damage of loot item 1 gem_dust
[16Oct2025 00:12:33.639] [Server thread/INFO] [net.minecraft.server.MinecraftServer/]: Dantesky_001 has made the advancement [Supersolid Wizard]
[16Oct2025 00:12:33.640] [Server thread/INFO] [net.minecraft.server.MinecraftServer/]: Dantesky_001 has reached the goal [Worthy Equipment]
[16Oct2025 00:13:28.157] [Server thread/WARN] [net.minecraft.world.level.storage.loot.functions.SetItemDamageFunction/]: Couldn't set damage of loot item 1 gold_ingot
[16Oct2025 00:13:28.157] [Server thread/WARN] [net.minecraft.world.level.storage.loot.functions.SetItemDamageFunction/]: Couldn't set damage of loot item 1 gold_block
[16Oct2025 00:13:52.254] [Server thread/INFO] [net.minecraft.server.MinecraftServer/]: Dantesky_001 has made the advancement [Local Brewery]
[16Oct2025 00:14:23.287] [Server thread/ERROR] [Apotheosis : Adventure/]: Failed to locate any gear sets matching the following predicates: 
[16Oct2025 00:14:23.288] [Server thread/ERROR] [Apotheosis : Adventure/]: SetPredicate[#terrible]
[16Oct2025 00:14:54.590] [Server thread/INFO] [net.minecraft.server.MinecraftServer/]: Davio has made the advancement [We Need to Go Deeper]
[16Oct2025 00:14:54.591] [Server thread/INFO] [net.minecraft.server.MinecraftServer/]: Davio has made the advancement [Incendium]
[16Oct2025 00:14:55.394] [Server thread/INFO] [com.teampotato.redirector.Redirector/]: Redirecting net/minecraft/world/entity/ai/behavior/CrossbowAttack$CrossbowState
[16Oct2025 00:14:56.562] [Server thread/INFO] [com.teampotato.redirector.Redirector/]: Redirecting net/minecraft/world/entity/monster/piglin/PiglinArmPose
[16Oct2025 00:14:56.610] [Server thread/INFO] [mixin/]: Mixing MixinHoglinTasks from enigmaticlegacy.mixins.json into net.minecraft.world.entity.monster.hoglin.HoglinAi
[16Oct2025 00:16:01.697] [Server thread/INFO] [net.minecraft.server.MinecraftServer/]: Ichi_057 has made the advancement [What Was That!?]
[16Oct2025 00:16:08.550] [Server thread/WARN] [net.minecraft.world.level.storage.loot.functions.SetItemDamageFunction/]: Couldn't set damage of loot item 1 diamond
[16Oct2025 00:16:08.551] [Server thread/WARN] [net.minecraft.world.level.storage.loot.functions.SetItemDamageFunction/]: Couldn't set damage of loot item 1 diamond
[16Oct2025 00:16:09.206] [Server thread/INFO] [net.minecraft.server.MinecraftServer/]: Davio was slain by Zombified Piglin
[16Oct2025 00:16:09.208] [Server thread/INFO] [Enigmatic Legacy/INFO]: Teared Soul Crystal from Davio at X: -2.038346533454655, Y: 95.0, Z: 12.124150583655828
[16Oct2025 00:16:33.962] [Server thread/INFO] [net.minecraft.server.MinecraftServer/]: Stopping server
[16Oct2025 00:16:33.965] [Server thread/INFO] [net.minecraft.server.MinecraftServer/]: Saving players
[16Oct2025 00:16:33.984] [Server thread/INFO] [net.minecraft.server.MinecraftServer/]: Saving worlds
[16Oct2025 00:16:34.030] [Server thread/INFO] [net.minecraft.server.MinecraftServer/]: Saving chunks for level 'ServerLevel[Novo mundo]'/minecraft:overworld
[16Oct2025 00:16:34.322] [Server thread/INFO] [net.minecraft.server.MinecraftServer/]: Saving chunks for level 'ServerLevel[Novo mundo]'/deeperdarker:otherside
[16Oct2025 00:16:34.323] [Server thread/INFO] [net.minecraft.server.MinecraftServer/]: Saving chunks for level 'ServerLevel[Novo mundo]'/blue_skies:everbright
[16Oct2025 00:16:34.324] [Server thread/INFO] [net.minecraft.server.MinecraftServer/]: Saving chunks for level 'ServerLevel[Novo mundo]'/aether:the_aether
[16Oct2025 00:16:34.325] [Server thread/INFO] [net.minecraft.server.MinecraftServer/]: Saving chunks for level 'ServerLevel[Novo mundo]'/minecraft:the_nether
[16Oct2025 00:16:34.328] [Server thread/INFO] [net.minecraft.server.MinecraftServer/]: Saving chunks for level 'ServerLevel[Novo mundo]'/twilightforest:twilight_forest
[16Oct2025 00:16:34.329] [Server thread/INFO] [net.minecraft.server.MinecraftServer/]: Saving chunks for level 'ServerLevel[Novo mundo]'/minecraft:the_end
[16Oct2025 00:16:34.329] [Server thread/INFO] [net.minecraft.server.MinecraftServer/]: Saving chunks for level 'ServerLevel[Novo mundo]'/blue_skies:everdawn
[16Oct2025 00:16:34.536] [Server thread/INFO] [net.minecraft.server.MinecraftServer/]: ThreadedAnvilChunkStorage (world): All chunks are saved
[16Oct2025 00:16:34.536] [Server thread/INFO] [net.minecraft.server.MinecraftServer/]: ThreadedAnvilChunkStorage (otherside): All chunks are saved
[16Oct2025 00:16:34.537] [Server thread/INFO] [net.minecraft.server.MinecraftServer/]: ThreadedAnvilChunkStorage (everbright): All chunks are saved
[16Oct2025 00:16:34.537] [Server thread/INFO] [net.minecraft.server.MinecraftServer/]: ThreadedAnvilChunkStorage (the_aether): All chunks are saved
[16Oct2025 00:16:34.537] [Server thread/INFO] [net.minecraft.server.MinecraftServer/]: ThreadedAnvilChunkStorage (DIM-1): All chunks are saved
[16Oct2025 00:16:34.537] [Server thread/INFO] [net.minecraft.server.MinecraftServer/]: ThreadedAnvilChunkStorage (twilight_forest): All chunks are saved
[16Oct2025 00:16:34.537] [Server thread/INFO] [net.minecraft.server.MinecraftServer/]: ThreadedAnvilChunkStorage (DIM1): All chunks are saved
[16Oct2025 00:16:34.537] [Server thread/INFO] [net.minecraft.server.MinecraftServer/]: ThreadedAnvilChunkStorage (everdawn): All chunks are saved
[16Oct2025 00:16:34.537] [Server thread/INFO] [net.minecraft.server.MinecraftServer/]: ThreadedAnvilChunkStorage: All dimensions are saved
[16Oct2025 00:16:34.687] [Server thread/INFO] [FTB Chunks/]: Shutting down map thread
[16Oct2025 00:16:34.732] [Server thread/INFO] [Calio/]: Removing Dynamic Registries for: net.minecraft.server.dedicated.DedicatedServer@7708f60a
[16Oct2025 00:16:34.733] [Server thread/ERROR] [fuzs.nightconfigfixes.config.CheckedConfigFileTypeHandler/]: Failed to remove config /workspaces/serverMine/minecraft_serve/config/apoli-server.toml from tracker!
java.lang.NullPointerException: Cannot read field "watchedFileCount" because "watchedDir" is null
	at com.electronwill.nightconfig.core.file.FileWatcher.removeWatch(FileWatcher.java:134) ~[core-3.6.4.jar%2356!/:?]
	at fuzs.nightconfigfixes.config.CheckedConfigFileTypeHandler.unload(CheckedConfigFileTypeHandler.java:137) ~[NightConfigFixes-v4.0.7-1.19.2-Forge.jar%23559!/:4.0.7]
	at net.minecraftforge.fml.config.ConfigTracker.closeConfig(ConfigTracker.java:70) ~[fmlcore-1.19.2-43.3.5.jar%23654!/:?]
	at net.minecraftforge.fml.config.ConfigTracker.lambda$unloadConfigs$2(ConfigTracker.java:55) ~[fmlcore-1.19.2-43.3.5.jar%23654!/:?]
	at java.lang.Iterable.forEach(Iterable.java:75) ~[?:?]
	at java.util.Collections$SynchronizedCollection.forEach(Collections.java:2351) ~[?:?]
	at net.minecraftforge.fml.config.ConfigTracker.unloadConfigs(ConfigTracker.java:55) ~[fmlcore-1.19.2-43.3.5.jar%23654!/:?]
	at net.minecraftforge.server.ServerLifecycleHooks.handleServerStopped(ServerLifecycleHooks.java:137) ~[forge-1.19.2-43.3.5-universal.jar%23658!/:?]
	at net.minecraft.server.MinecraftServer.m_130011_(MinecraftServer.java:690) ~[server-1.19.2-20220805.130853-srg.jar%23653!/:?]
	at net.minecraft.server.MinecraftServer.m_206580_(MinecraftServer.java:244) ~[server-1.19.2-20220805.130853-srg.jar%23653!/:?]
	at java.lang.Thread.run(Thread.java:1583) [?:?]
[16Oct2025 00:16:34.734] [Server thread/ERROR] [fuzs.nightconfigfixes.config.CheckedConfigFileTypeHandler/]: Failed to remove config /workspaces/serverMine/minecraft_serve/config/oriacs-server.toml from tracker!
java.lang.NullPointerException: Cannot read field "watchedFileCount" because "watchedDir" is null
	at com.electronwill.nightconfig.core.file.FileWatcher.removeWatch(FileWatcher.java:134) ~[core-3.6.4.jar%2356!/:?]
	at fuzs.nightconfigfixes.config.CheckedConfigFileTypeHandler.unload(CheckedConfigFileTypeHandler.java:137) ~[NightConfigFixes-v4.0.7-1.19.2-Forge.jar%23559!/:4.0.7]
	at net.minecraftforge.fml.config.ConfigTracker.closeConfig(ConfigTracker.java:70) ~[fmlcore-1.19.2-43.3.5.jar%23654!/:?]
	at net.minecraftforge.fml.config.ConfigTracker.lambda$unloadConfigs$2(ConfigTracker.java:55) ~[fmlcore-1.19.2-43.3.5.jar%23654!/:?]
	at java.lang.Iterable.forEach(Iterable.java:75) ~[?:?]
	at java.util.Collections$SynchronizedCollection.forEach(Collections.java:2351) ~[?:?]
	at net.minecraftforge.fml.config.ConfigTracker.unloadConfigs(ConfigTracker.java:55) ~[fmlcore-1.19.2-43.3.5.jar%23654!/:?]
	at net.minecraftforge.server.ServerLifecycleHooks.handleServerStopped(ServerLifecycleHooks.java:137) ~[forge-1.19.2-43.3.5-universal.jar%23658!/:?]
	at net.minecraft.server.MinecraftServer.m_130011_(MinecraftServer.java:690) ~[server-1.19.2-20220805.130853-srg.jar%23653!/:?]
	at net.minecraft.server.MinecraftServer.m_206580_(MinecraftServer.java:244) ~[server-1.19.2-20220805.130853-srg.jar%23653!/:?]
	at java.lang.Thread.run(Thread.java:1583) [?:?]
[16Oct2025 00:16:34.735] [Server thread/ERROR] [fuzs.nightconfigfixes.config.CheckedConfigFileTypeHandler/]: Failed to remove config /workspaces/serverMine/minecraft_serve/config/upgradednetherite_items-server.toml from tracker!
java.lang.NullPointerException: Cannot read field "watchedFileCount" because "watchedDir" is null
	at com.electronwill.nightconfig.core.file.FileWatcher.removeWatch(FileWatcher.java:134) ~[core-3.6.4.jar%2356!/:?]
	at fuzs.nightconfigfixes.config.CheckedConfigFileTypeHandler.unload(CheckedConfigFileTypeHandler.java:137) ~[NightConfigFixes-v4.0.7-1.19.2-Forge.jar%23559!/:4.0.7]
	at net.minecraftforge.fml.config.ConfigTracker.closeConfig(ConfigTracker.java:70) ~[fmlcore-1.19.2-43.3.5.jar%23654!/:?]
	at net.minecraftforge.fml.config.ConfigTracker.lambda$unloadConfigs$2(ConfigTracker.java:55) ~[fmlcore-1.19.2-43.3.5.jar%23654!/:?]
	at java.lang.Iterable.forEach(Iterable.java:75) ~[?:?]
	at java.util.Collections$SynchronizedCollection.forEach(Collections.java:2351) ~[?:?]
	at net.minecraftforge.fml.config.ConfigTracker.unloadConfigs(ConfigTracker.java:55) ~[fmlcore-1.19.2-43.3.5.jar%23654!/:?]
	at net.minecraftforge.server.ServerLifecycleHooks.handleServerStopped(ServerLifecycleHooks.java:137) ~[forge-1.19.2-43.3.5-universal.jar%23658!/:?]
	at net.minecraft.server.MinecraftServer.m_130011_(MinecraftServer.java:690) ~[server-1.19.2-20220805.130853-srg.jar%23653!/:?]
	at net.minecraft.server.MinecraftServer.m_206580_(MinecraftServer.java:244) ~[server-1.19.2-20220805.130853-srg.jar%23653!/:?]
	at java.lang.Thread.run(Thread.java:1583) [?:?]
[16Oct2025 00:16:34.740] [Server thread/ERROR] [fuzs.nightconfigfixes.config.CheckedConfigFileTypeHandler/]: Failed to remove config /workspaces/serverMine/minecraft_serve/config/upgradednetherite-server.toml from tracker!
java.lang.NullPointerException: Cannot read field "watchedFileCount" because "watchedDir" is null
	at com.electronwill.nightconfig.core.file.FileWatcher.removeWatch(FileWatcher.java:134) ~[core-3.6.4.jar%2356!/:?]
	at fuzs.nightconfigfixes.config.CheckedConfigFileTypeHandler.unload(CheckedConfigFileTypeHandler.java:137) ~[NightConfigFixes-v4.0.7-1.19.2-Forge.jar%23559!/:4.0.7]
	at net.minecraftforge.fml.config.ConfigTracker.closeConfig(ConfigTracker.java:70) ~[fmlcore-1.19.2-43.3.5.jar%23654!/:?]
	at net.minecraftforge.fml.config.ConfigTracker.lambda$unloadConfigs$2(ConfigTracker.java:55) ~[fmlcore-1.19.2-43.3.5.jar%23654!/:?]
	at java.lang.Iterable.forEach(Iterable.java:75) ~[?:?]
	at java.util.Collections$SynchronizedCollection.forEach(Collections.java:2351) ~[?:?]
	at net.minecraftforge.fml.config.ConfigTracker.unloadConfigs(ConfigTracker.java:55) ~[fmlcore-1.19.2-43.3.5.jar%23654!/:?]
	at net.minecraftforge.server.ServerLifecycleHooks.handleServerStopped(ServerLifecycleHooks.java:137) ~[forge-1.19.2-43.3.5-universal.jar%23658!/:?]
	at net.minecraft.server.MinecraftServer.m_130011_(MinecraftServer.java:690) ~[server-1.19.2-20220805.130853-srg.jar%23653!/:?]
	at net.minecraft.server.MinecraftServer.m_206580_(MinecraftServer.java:244) ~[server-1.19.2-20220805.130853-srg.jar%23653!/:?]
	at java.lang.Thread.run(Thread.java:1583) [?:?]
[16Oct2025 00:16:34.742] [Server thread/ERROR] [fuzs.nightconfigfixes.config.CheckedConfigFileTypeHandler/]: Failed to remove config /workspaces/serverMine/minecraft_serve/config/solapplepie-server.toml from tracker!
java.lang.NullPointerException: Cannot read field "watchedFileCount" because "watchedDir" is null
	at com.electronwill.nightconfig.core.file.FileWatcher.removeWatch(FileWatcher.java:134) ~[core-3.6.4.jar%2356!/:?]
	at fuzs.nightconfigfixes.config.CheckedConfigFileTypeHandler.unload(CheckedConfigFileTypeHandler.java:137) ~[NightConfigFixes-v4.0.7-1.19.2-Forge.jar%23559!/:4.0.7]
	at net.minecraftforge.fml.config.ConfigTracker.closeConfig(ConfigTracker.java:70) ~[fmlcore-1.19.2-43.3.5.jar%23654!/:?]
	at net.minecraftforge.fml.config.ConfigTracker.lambda$unloadConfigs$2(ConfigTracker.java:55) ~[fmlcore-1.19.2-43.3.5.jar%23654!/:?]
	at java.lang.Iterable.forEach(Iterable.java:75) ~[?:?]
	at java.util.Collections$SynchronizedCollection.forEach(Collections.java:2351) ~[?:?]
	at net.minecraftforge.fml.config.ConfigTracker.unloadConfigs(ConfigTracker.java:55) ~[fmlcore-1.19.2-43.3.5.jar%23654!/:?]
	at net.minecraftforge.server.ServerLifecycleHooks.handleServerStopped(ServerLifecycleHooks.java:137) ~[forge-1.19.2-43.3.5-universal.jar%23658!/:?]
	at net.minecraft.server.MinecraftServer.m_130011_(MinecraftServer.java:690) ~[server-1.19.2-20220805.130853-srg.jar%23653!/:?]
	at net.minecraft.server.MinecraftServer.m_206580_(MinecraftServer.java:244) ~[server-1.19.2-20220805.130853-srg.jar%23653!/:?]
	at java.lang.Thread.run(Thread.java:1583) [?:?]
[16Oct2025 00:16:34.743] [Server thread/ERROR] [fuzs.nightconfigfixes.config.CheckedConfigFileTypeHandler/]: Failed to remove config /workspaces/serverMine/minecraft_serve/config/corpse-server.toml from tracker!
java.lang.NullPointerException: Cannot read field "watchedFileCount" because "watchedDir" is null
	at com.electronwill.nightconfig.core.file.FileWatcher.removeWatch(FileWatcher.java:134) ~[core-3.6.4.jar%2356!/:?]
	at fuzs.nightconfigfixes.config.CheckedConfigFileTypeHandler.unload(CheckedConfigFileTypeHandler.java:137) ~[NightConfigFixes-v4.0.7-1.19.2-Forge.jar%23559!/:4.0.7]
	at net.minecraftforge.fml.config.ConfigTracker.closeConfig(ConfigTracker.java:70) ~[fmlcore-1.19.2-43.3.5.jar%23654!/:?]
	at net.minecraftforge.fml.config.ConfigTracker.lambda$unloadConfigs$2(ConfigTracker.java:55) ~[fmlcore-1.19.2-43.3.5.jar%23654!/:?]
	at java.lang.Iterable.forEach(Iterable.java:75) ~[?:?]
	at java.util.Collections$SynchronizedCollection.forEach(Collections.java:2351) ~[?:?]
	at net.minecraftforge.fml.config.ConfigTracker.unloadConfigs(ConfigTracker.java:55) ~[fmlcore-1.19.2-43.3.5.jar%23654!/:?]
	at net.minecraftforge.server.ServerLifecycleHooks.handleServerStopped(ServerLifecycleHooks.java:137) ~[forge-1.19.2-43.3.5-universal.jar%23658!/:?]
	at net.minecraft.server.MinecraftServer.m_130011_(MinecraftServer.java:690) ~[server-1.19.2-20220805.130853-srg.jar%23653!/:?]
	at net.minecraft.server.MinecraftServer.m_206580_(MinecraftServer.java:244) ~[server-1.19.2-20220805.130853-srg.jar%23653!/:?]
	at java.lang.Thread.run(Thread.java:1583) [?:?]
[16Oct2025 00:16:34.744] [Server thread/ERROR] [fuzs.nightconfigfixes.config.CheckedConfigFileTypeHandler/]: Failed to remove config /workspaces/serverMine/minecraft_serve/config/curios-server.toml from tracker!
java.lang.NullPointerException: Cannot read field "watchedFileCount" because "watchedDir" is null
	at com.electronwill.nightconfig.core.file.FileWatcher.removeWatch(FileWatcher.java:134) ~[core-3.6.4.jar%2356!/:?]
	at fuzs.nightconfigfixes.config.CheckedConfigFileTypeHandler.unload(CheckedConfigFileTypeHandler.java:137) ~[NightConfigFixes-v4.0.7-1.19.2-Forge.jar%23559!/:4.0.7]
	at net.minecraftforge.fml.config.ConfigTracker.closeConfig(ConfigTracker.java:70) ~[fmlcore-1.19.2-43.3.5.jar%23654!/:?]
	at net.minecraftforge.fml.config.ConfigTracker.lambda$unloadConfigs$2(ConfigTracker.java:55) ~[fmlcore-1.19.2-43.3.5.jar%23654!/:?]
	at java.lang.Iterable.forEach(Iterable.java:75) ~[?:?]
	at java.util.Collections$SynchronizedCollection.forEach(Collections.java:2351) ~[?:?]
	at net.minecraftforge.fml.config.ConfigTracker.unloadConfigs(ConfigTracker.java:55) ~[fmlcore-1.19.2-43.3.5.jar%23654!/:?]
	at net.minecraftforge.server.ServerLifecycleHooks.handleServerStopped(ServerLifecycleHooks.java:137) ~[forge-1.19.2-43.3.5-universal.jar%23658!/:?]
	at net.minecraft.server.MinecraftServer.m_130011_(MinecraftServer.java:690) ~[server-1.19.2-20220805.130853-srg.jar%23653!/:?]
	at net.minecraft.server.MinecraftServer.m_206580_(MinecraftServer.java:244) ~[server-1.19.2-20220805.130853-srg.jar%23653!/:?]
	at java.lang.Thread.run(Thread.java:1583) [?:?]
[16Oct2025 00:16:34.746] [Server thread/ERROR] [fuzs.nightconfigfixes.config.CheckedConfigFileTypeHandler/]: Failed to remove config /workspaces/serverMine/minecraft_serve/config/constructionwand-server.toml from tracker!
java.lang.NullPointerException: Cannot read field "watchedFileCount" because "watchedDir" is null
	at com.electronwill.nightconfig.core.file.FileWatcher.removeWatch(FileWatcher.java:134) ~[core-3.6.4.jar%2356!/:?]
	at fuzs.nightconfigfixes.config.CheckedConfigFileTypeHandler.unload(CheckedConfigFileTypeHandler.java:137) ~[NightConfigFixes-v4.0.7-1.19.2-Forge.jar%23559!/:4.0.7]
	at net.minecraftforge.fml.config.ConfigTracker.closeConfig(ConfigTracker.java:70) ~[fmlcore-1.19.2-43.3.5.jar%23654!/:?]
	at net.minecraftforge.fml.config.ConfigTracker.lambda$unloadConfigs$2(ConfigTracker.java:55) ~[fmlcore-1.19.2-43.3.5.jar%23654!/:?]
	at java.lang.Iterable.forEach(Iterable.java:75) ~[?:?]
	at java.util.Collections$SynchronizedCollection.forEach(Collections.java:2351) ~[?:?]
	at net.minecraftforge.fml.config.ConfigTracker.unloadConfigs(ConfigTracker.java:55) ~[fmlcore-1.19.2-43.3.5.jar%23654!/:?]
	at net.minecraftforge.server.ServerLifecycleHooks.handleServerStopped(ServerLifecycleHooks.java:137) ~[forge-1.19.2-43.3.5-universal.jar%23658!/:?]
	at net.minecraft.server.MinecraftServer.m_130011_(MinecraftServer.java:690) ~[server-1.19.2-20220805.130853-srg.jar%23653!/:?]
	at net.minecraft.server.MinecraftServer.m_206580_(MinecraftServer.java:244) ~[server-1.19.2-20220805.130853-srg.jar%23653!/:?]
	at java.lang.Thread.run(Thread.java:1583) [?:?]
[16Oct2025 00:16:34.747] [Server thread/ERROR] [fuzs.nightconfigfixes.config.CheckedConfigFileTypeHandler/]: Failed to remove config /workspaces/serverMine/minecraft_serve/config/toms_storage-server.toml from tracker!
java.lang.NullPointerException: Cannot read field "watchedFileCount" because "watchedDir" is null
	at com.electronwill.nightconfig.core.file.FileWatcher.removeWatch(FileWatcher.java:134) ~[core-3.6.4.jar%2356!/:?]
	at fuzs.nightconfigfixes.config.CheckedConfigFileTypeHandler.unload(CheckedConfigFileTypeHandler.java:137) ~[NightConfigFixes-v4.0.7-1.19.2-Forge.jar%23559!/:4.0.7]
	at net.minecraftforge.fml.config.ConfigTracker.closeConfig(ConfigTracker.java:70) ~[fmlcore-1.19.2-43.3.5.jar%23654!/:?]
	at net.minecraftforge.fml.config.ConfigTracker.lambda$unloadConfigs$2(ConfigTracker.java:55) ~[fmlcore-1.19.2-43.3.5.jar%23654!/:?]
	at java.lang.Iterable.forEach(Iterable.java:75) ~[?:?]
	at java.util.Collections$SynchronizedCollection.forEach(Collections.java:2351) ~[?:?]
	at net.minecraftforge.fml.config.ConfigTracker.unloadConfigs(ConfigTracker.java:55) ~[fmlcore-1.19.2-43.3.5.jar%23654!/:?]
	at net.minecraftforge.server.ServerLifecycleHooks.handleServerStopped(ServerLifecycleHooks.java:137) ~[forge-1.19.2-43.3.5-universal.jar%23658!/:?]
	at net.minecraft.server.MinecraftServer.m_130011_(MinecraftServer.java:690) ~[server-1.19.2-20220805.130853-srg.jar%23653!/:?]
	at net.minecraft.server.MinecraftServer.m_206580_(MinecraftServer.java:244) ~[server-1.19.2-20220805.130853-srg.jar%23653!/:?]
	at java.lang.Thread.run(Thread.java:1583) [?:?]
[16Oct2025 00:16:34.747] [Server thread/ERROR] [fuzs.nightconfigfixes.config.CheckedConfigFileTypeHandler/]: Failed to remove config /workspaces/serverMine/minecraft_serve/config/jei-server.toml from tracker!
java.lang.NullPointerException: Cannot read field "watchedFileCount" because "watchedDir" is null
	at com.electronwill.nightconfig.core.file.FileWatcher.removeWatch(FileWatcher.java:134) ~[core-3.6.4.jar%2356!/:?]
	at fuzs.nightconfigfixes.config.CheckedConfigFileTypeHandler.unload(CheckedConfigFileTypeHandler.java:137) ~[NightConfigFixes-v4.0.7-1.19.2-Forge.jar%23559!/:4.0.7]
	at net.minecraftforge.fml.config.ConfigTracker.closeConfig(ConfigTracker.java:70) ~[fmlcore-1.19.2-43.3.5.jar%23654!/:?]
	at net.minecraftforge.fml.config.ConfigTracker.lambda$unloadConfigs$2(ConfigTracker.java:55) ~[fmlcore-1.19.2-43.3.5.jar%23654!/:?]
	at java.lang.Iterable.forEach(Iterable.java:75) ~[?:?]
	at java.util.Collections$SynchronizedCollection.forEach(Collections.java:2351) ~[?:?]
	at net.minecraftforge.fml.config.ConfigTracker.unloadConfigs(ConfigTracker.java:55) ~[fmlcore-1.19.2-43.3.5.jar%23654!/:?]
	at net.minecraftforge.server.ServerLifecycleHooks.handleServerStopped(ServerLifecycleHooks.java:137) ~[forge-1.19.2-43.3.5-universal.jar%23658!/:?]
	at net.minecraft.server.MinecraftServer.m_130011_(MinecraftServer.java:690) ~[server-1.19.2-20220805.130853-srg.jar%23653!/:?]
	at net.minecraft.server.MinecraftServer.m_206580_(MinecraftServer.java:244) ~[server-1.19.2-20220805.130853-srg.jar%23653!/:?]
	at java.lang.Thread.run(Thread.java:1583) [?:?]
[16Oct2025 00:16:34.756] [Server thread/ERROR] [fuzs.nightconfigfixes.config.CheckedConfigFileTypeHandler/]: Failed to remove config /workspaces/serverMine/minecraft_serve/config/pehkui-server.toml from tracker!
java.lang.NullPointerException: Cannot read field "watchedFileCount" because "watchedDir" is null
	at com.electronwill.nightconfig.core.file.FileWatcher.removeWatch(FileWatcher.java:134) ~[core-3.6.4.jar%2356!/:?]
	at fuzs.nightconfigfixes.config.CheckedConfigFileTypeHandler.unload(CheckedConfigFileTypeHandler.java:137) ~[NightConfigFixes-v4.0.7-1.19.2-Forge.jar%23559!/:4.0.7]
	at net.minecraftforge.fml.config.ConfigTracker.closeConfig(ConfigTracker.java:70) ~[fmlcore-1.19.2-43.3.5.jar%23654!/:?]
	at net.minecraftforge.fml.config.ConfigTracker.lambda$unloadConfigs$2(ConfigTracker.java:55) ~[fmlcore-1.19.2-43.3.5.jar%23654!/:?]
	at java.lang.Iterable.forEach(Iterable.java:75) ~[?:?]
	at java.util.Collections$SynchronizedCollection.forEach(Collections.java:2351) ~[?:?]
	at net.minecraftforge.fml.config.ConfigTracker.unloadConfigs(ConfigTracker.java:55) ~[fmlcore-1.19.2-43.3.5.jar%23654!/:?]
	at net.minecraftforge.server.ServerLifecycleHooks.handleServerStopped(ServerLifecycleHooks.java:137) ~[forge-1.19.2-43.3.5-universal.jar%23658!/:?]
	at net.minecraft.server.MinecraftServer.m_130011_(MinecraftServer.java:690) ~[server-1.19.2-20220805.130853-srg.jar%23653!/:?]
	at net.minecraft.server.MinecraftServer.m_206580_(MinecraftServer.java:244) ~[server-1.19.2-20220805.130853-srg.jar%23653!/:?]
	at java.lang.Thread.run(Thread.java:1583) [?:?]
[16Oct2025 00:16:34.757] [Server thread/ERROR] [fuzs.nightconfigfixes.config.CheckedConfigFileTypeHandler/]: Failed to remove config /workspaces/serverMine/minecraft_serve/config/forge-server.toml from tracker!
java.lang.NullPointerException: Cannot read field "watchedFileCount" because "watchedDir" is null
	at com.electronwill.nightconfig.core.file.FileWatcher.removeWatch(FileWatcher.java:134) ~[core-3.6.4.jar%2356!/:?]
	at fuzs.nightconfigfixes.config.CheckedConfigFileTypeHandler.unload(CheckedConfigFileTypeHandler.java:137) ~[NightConfigFixes-v4.0.7-1.19.2-Forge.jar%23559!/:4.0.7]
	at net.minecraftforge.fml.config.ConfigTracker.closeConfig(ConfigTracker.java:70) ~[fmlcore-1.19.2-43.3.5.jar%23654!/:?]
	at net.minecraftforge.fml.config.ConfigTracker.lambda$unloadConfigs$2(ConfigTracker.java:55) ~[fmlcore-1.19.2-43.3.5.jar%23654!/:?]
	at java.lang.Iterable.forEach(Iterable.java:75) ~[?:?]
	at java.util.Collections$SynchronizedCollection.forEach(Collections.java:2351) ~[?:?]
	at net.minecraftforge.fml.config.ConfigTracker.unloadConfigs(ConfigTracker.java:55) ~[fmlcore-1.19.2-43.3.5.jar%23654!/:?]
	at net.minecraftforge.server.ServerLifecycleHooks.handleServerStopped(ServerLifecycleHooks.java:137) ~[forge-1.19.2-43.3.5-universal.jar%23658!/:?]
	at net.minecraft.server.MinecraftServer.m_130011_(MinecraftServer.java:690) ~[server-1.19.2-20220805.130853-srg.jar%23653!/:?]
	at net.minecraft.server.MinecraftServer.m_206580_(MinecraftServer.java:244) ~[server-1.19.2-20220805.130853-srg.jar%23653!/:?]
	at java.lang.Thread.run(Thread.java:1583) [?:?]
[16Oct2025 00:16:34.760] [Server thread/ERROR] [fuzs.nightconfigfixes.config.CheckedConfigFileTypeHandler/]: Failed to remove config /workspaces/serverMine/minecraft_serve/config/whisperwoods-server.toml from tracker!
java.lang.NullPointerException: Cannot read field "watchedFileCount" because "watchedDir" is null
	at com.electronwill.nightconfig.core.file.FileWatcher.removeWatch(FileWatcher.java:134) ~[core-3.6.4.jar%2356!/:?]
	at fuzs.nightconfigfixes.config.CheckedConfigFileTypeHandler.unload(CheckedConfigFileTypeHandler.java:137) ~[NightConfigFixes-v4.0.7-1.19.2-Forge.jar%23559!/:4.0.7]
	at net.minecraftforge.fml.config.ConfigTracker.closeConfig(ConfigTracker.java:70) ~[fmlcore-1.19.2-43.3.5.jar%23654!/:?]
	at net.minecraftforge.fml.config.ConfigTracker.lambda$unloadConfigs$2(ConfigTracker.java:55) ~[fmlcore-1.19.2-43.3.5.jar%23654!/:?]
	at java.lang.Iterable.forEach(Iterable.java:75) ~[?:?]
	at java.util.Collections$SynchronizedCollection.forEach(Collections.java:2351) ~[?:?]
	at net.minecraftforge.fml.config.ConfigTracker.unloadConfigs(ConfigTracker.java:55) ~[fmlcore-1.19.2-43.3.5.jar%23654!/:?]
	at net.minecraftforge.server.ServerLifecycleHooks.handleServerStopped(ServerLifecycleHooks.java:137) ~[forge-1.19.2-43.3.5-universal.jar%23658!/:?]
	at net.minecraft.server.MinecraftServer.m_130011_(MinecraftServer.java:690) ~[server-1.19.2-20220805.130853-srg.jar%23653!/:?]
	at net.minecraft.server.MinecraftServer.m_206580_(MinecraftServer.java:244) ~[server-1.19.2-20220805.130853-srg.jar%23653!/:?]
	at java.lang.Thread.run(Thread.java:1583) [?:?]
[16Oct2025 00:16:34.761] [Server thread/ERROR] [fuzs.nightconfigfixes.config.CheckedConfigFileTypeHandler/]: Failed to remove config /workspaces/serverMine/minecraft_serve/config/structurize-server.toml from tracker!
java.lang.NullPointerException: Cannot read field "watchedFileCount" because "watchedDir" is null
	at com.electronwill.nightconfig.core.file.FileWatcher.removeWatch(FileWatcher.java:134) ~[core-3.6.4.jar%2356!/:?]
	at fuzs.nightconfigfixes.config.CheckedConfigFileTypeHandler.unload(CheckedConfigFileTypeHandler.java:137) ~[NightConfigFixes-v4.0.7-1.19.2-Forge.jar%23559!/:4.0.7]
	at net.minecraftforge.fml.config.ConfigTracker.closeConfig(ConfigTracker.java:70) ~[fmlcore-1.19.2-43.3.5.jar%23654!/:?]
	at net.minecraftforge.fml.config.ConfigTracker.lambda$unloadConfigs$2(ConfigTracker.java:55) ~[fmlcore-1.19.2-43.3.5.jar%23654!/:?]
	at java.lang.Iterable.forEach(Iterable.java:75) ~[?:?]
	at java.util.Collections$SynchronizedCollection.forEach(Collections.java:2351) ~[?:?]
	at net.minecraftforge.fml.config.ConfigTracker.unloadConfigs(ConfigTracker.java:55) ~[fmlcore-1.19.2-43.3.5.jar%23654!/:?]
	at net.minecraftforge.server.ServerLifecycleHooks.handleServerStopped(ServerLifecycleHooks.java:137) ~[forge-1.19.2-43.3.5-universal.jar%23658!/:?]
	at net.minecraft.server.MinecraftServer.m_130011_(MinecraftServer.java:690) ~[server-1.19.2-20220805.130853-srg.jar%23653!/:?]
	at net.minecraft.server.MinecraftServer.m_206580_(MinecraftServer.java:244) ~[server-1.19.2-20220805.130853-srg.jar%23653!/:?]
	at java.lang.Thread.run(Thread.java:1583) [?:?]
[16Oct2025 00:16:34.762] [Server thread/ERROR] [fuzs.nightconfigfixes.config.CheckedConfigFileTypeHandler/]: Failed to remove config /workspaces/serverMine/minecraft_serve/config/upgradednetherite_ultimate-server.toml from tracker!
java.lang.NullPointerException: Cannot read field "watchedFileCount" because "watchedDir" is null
	at com.electronwill.nightconfig.core.file.FileWatcher.removeWatch(FileWatcher.java:134) ~[core-3.6.4.jar%2356!/:?]
	at fuzs.nightconfigfixes.config.CheckedConfigFileTypeHandler.unload(CheckedConfigFileTypeHandler.java:137) ~[NightConfigFixes-v4.0.7-1.19.2-Forge.jar%23559!/:4.0.7]
	at net.minecraftforge.fml.config.ConfigTracker.closeConfig(ConfigTracker.java:70) ~[fmlcore-1.19.2-43.3.5.jar%23654!/:?]
	at net.minecraftforge.fml.config.ConfigTracker.lambda$unloadConfigs$2(ConfigTracker.java:55) ~[fmlcore-1.19.2-43.3.5.jar%23654!/:?]
	at java.lang.Iterable.forEach(Iterable.java:75) ~[?:?]
	at java.util.Collections$SynchronizedCollection.forEach(Collections.java:2351) ~[?:?]
	at net.minecraftforge.fml.config.ConfigTracker.unloadConfigs(ConfigTracker.java:55) ~[fmlcore-1.19.2-43.3.5.jar%23654!/:?]
	at net.minecraftforge.server.ServerLifecycleHooks.handleServerStopped(ServerLifecycleHooks.java:137) ~[forge-1.19.2-43.3.5-universal.jar%23658!/:?]
	at net.minecraft.server.MinecraftServer.m_130011_(MinecraftServer.java:690) ~[server-1.19.2-20220805.130853-srg.jar%23653!/:?]
	at net.minecraft.server.MinecraftServer.m_206580_(MinecraftServer.java:244) ~[server-1.19.2-20220805.130853-srg.jar%23653!/:?]
	at java.lang.Thread.run(Thread.java:1583) [?:?]
[16Oct2025 00:16:34.763] [Server thread/ERROR] [fuzs.nightconfigfixes.config.CheckedConfigFileTypeHandler/]: Failed to remove config /workspaces/serverMine/minecraft_serve/config/xptome-server.toml from tracker!
java.lang.NullPointerException: Cannot read field "watchedFileCount" because "watchedDir" is null
	at com.electronwill.nightconfig.core.file.FileWatcher.removeWatch(FileWatcher.java:134) ~[core-3.6.4.jar%2356!/:?]
	at fuzs.nightconfigfixes.config.CheckedConfigFileTypeHandler.unload(CheckedConfigFileTypeHandler.java:137) ~[NightConfigFixes-v4.0.7-1.19.2-Forge.jar%23559!/:4.0.7]
	at net.minecraftforge.fml.config.ConfigTracker.closeConfig(ConfigTracker.java:70) ~[fmlcore-1.19.2-43.3.5.jar%23654!/:?]
	at net.minecraftforge.fml.config.ConfigTracker.lambda$unloadConfigs$2(ConfigTracker.java:55) ~[fmlcore-1.19.2-43.3.5.jar%23654!/:?]
	at java.lang.Iterable.forEach(Iterable.java:75) ~[?:?]
	at java.util.Collections$SynchronizedCollection.forEach(Collections.java:2351) ~[?:?]
	at net.minecraftforge.fml.config.ConfigTracker.unloadConfigs(ConfigTracker.java:55) ~[fmlcore-1.19.2-43.3.5.jar%23654!/:?]
	at net.minecraftforge.server.ServerLifecycleHooks.handleServerStopped(ServerLifecycleHooks.java:137) ~[forge-1.19.2-43.3.5-universal.jar%23658!/:?]
	at net.minecraft.server.MinecraftServer.m_130011_(MinecraftServer.java:690) ~[server-1.19.2-20220805.130853-srg.jar%23653!/:?]
	at net.minecraft.server.MinecraftServer.m_206580_(MinecraftServer.java:244) ~[server-1.19.2-20220805.130853-srg.jar%23653!/:?]
	at java.lang.Thread.run(Thread.java:1583) [?:?]
[16Oct2025 00:16:34.764] [Server thread/ERROR] [fuzs.nightconfigfixes.config.CheckedConfigFileTypeHandler/]: Failed to remove config /workspaces/serverMine/minecraft_serve/config/aether-server.toml from tracker!
java.lang.NullPointerException: Cannot read field "watchedFileCount" because "watchedDir" is null
	at com.electronwill.nightconfig.core.file.FileWatcher.removeWatch(FileWatcher.java:134) ~[core-3.6.4.jar%2356!/:?]
	at fuzs.nightconfigfixes.config.CheckedConfigFileTypeHandler.unload(CheckedConfigFileTypeHandler.java:137) ~[NightConfigFixes-v4.0.7-1.19.2-Forge.jar%23559!/:4.0.7]
	at net.minecraftforge.fml.config.ConfigTracker.closeConfig(ConfigTracker.java:70) ~[fmlcore-1.19.2-43.3.5.jar%23654!/:?]
	at net.minecraftforge.fml.config.ConfigTracker.lambda$unloadConfigs$2(ConfigTracker.java:55) ~[fmlcore-1.19.2-43.3.5.jar%23654!/:?]
	at java.lang.Iterable.forEach(Iterable.java:75) ~[?:?]
	at java.util.Collections$SynchronizedCollection.forEach(Collections.java:2351) ~[?:?]
	at net.minecraftforge.fml.config.ConfigTracker.unloadConfigs(ConfigTracker.java:55) ~[fmlcore-1.19.2-43.3.5.jar%23654!/:?]
	at net.minecraftforge.server.ServerLifecycleHooks.handleServerStopped(ServerLifecycleHooks.java:137) ~[forge-1.19.2-43.3.5-universal.jar%23658!/:?]
	at net.minecraft.server.MinecraftServer.m_130011_(MinecraftServer.java:690) ~[server-1.19.2-20220805.130853-srg.jar%23653!/:?]
	at net.minecraft.server.MinecraftServer.m_206580_(MinecraftServer.java:244) ~[server-1.19.2-20220805.130853-srg.jar%23653!/:?]
	at java.lang.Thread.run(Thread.java:1583) [?:?]
[16Oct2025 00:16:34.768] [Server thread/ERROR] [fuzs.nightconfigfixes.config.CheckedConfigFileTypeHandler/]: Failed to remove config /workspaces/serverMine/minecraft_serve/config/sophisticatedbackpacks-server.toml from tracker!
java.lang.NullPointerException: Cannot read field "watchedFileCount" because "watchedDir" is null
	at com.electronwill.nightconfig.core.file.FileWatcher.removeWatch(FileWatcher.java:134) ~[core-3.6.4.jar%2356!/:?]
	at fuzs.nightconfigfixes.config.CheckedConfigFileTypeHandler.unload(CheckedConfigFileTypeHandler.java:137) ~[NightConfigFixes-v4.0.7-1.19.2-Forge.jar%23559!/:4.0.7]
	at net.minecraftforge.fml.config.ConfigTracker.closeConfig(ConfigTracker.java:70) ~[fmlcore-1.19.2-43.3.5.jar%23654!/:?]
	at net.minecraftforge.fml.config.ConfigTracker.lambda$unloadConfigs$2(ConfigTracker.java:55) ~[fmlcore-1.19.2-43.3.5.jar%23654!/:?]
	at java.lang.Iterable.forEach(Iterable.java:75) ~[?:?]
	at java.util.Collections$SynchronizedCollection.forEach(Collections.java:2351) ~[?:?]
	at net.minecraftforge.fml.config.ConfigTracker.unloadConfigs(ConfigTracker.java:55) ~[fmlcore-1.19.2-43.3.5.jar%23654!/:?]
	at net.minecraftforge.server.ServerLifecycleHooks.handleServerStopped(ServerLifecycleHooks.java:137) ~[forge-1.19.2-43.3.5-universal.jar%23658!/:?]
	at net.minecraft.server.MinecraftServer.m_130011_(MinecraftServer.java:690) ~[server-1.19.2-20220805.130853-srg.jar%23653!/:?]
	at net.minecraft.server.MinecraftServer.m_206580_(MinecraftServer.java:244) ~[server-1.19.2-20220805.130853-srg.jar%23653!/:?]
	at java.lang.Thread.run(Thread.java:1583) [?:?]
[16Oct2025 00:16:34.770] [Server thread/ERROR] [fuzs.nightconfigfixes.config.CheckedConfigFileTypeHandler/]: Failed to remove config /workspaces/serverMine/minecraft_serve/config/getittogetherdrops-server.toml from tracker!
java.lang.NullPointerException: Cannot read field "watchedFileCount" because "watchedDir" is null
	at com.electronwill.nightconfig.core.file.FileWatcher.removeWatch(FileWatcher.java:134) ~[core-3.6.4.jar%2356!/:?]
	at fuzs.nightconfigfixes.config.CheckedConfigFileTypeHandler.unload(CheckedConfigFileTypeHandler.java:137) ~[NightConfigFixes-v4.0.7-1.19.2-Forge.jar%23559!/:4.0.7]
	at net.minecraftforge.fml.config.ConfigTracker.closeConfig(ConfigTracker.java:70) ~[fmlcore-1.19.2-43.3.5.jar%23654!/:?]
	at net.minecraftforge.fml.config.ConfigTracker.lambda$unloadConfigs$2(ConfigTracker.java:55) ~[fmlcore-1.19.2-43.3.5.jar%23654!/:?]
	at java.lang.Iterable.forEach(Iterable.java:75) ~[?:?]
	at java.util.Collections$SynchronizedCollection.forEach(Collections.java:2351) ~[?:?]
	at net.minecraftforge.fml.config.ConfigTracker.unloadConfigs(ConfigTracker.java:55) ~[fmlcore-1.19.2-43.3.5.jar%23654!/:?]
	at net.minecraftforge.server.ServerLifecycleHooks.handleServerStopped(ServerLifecycleHooks.java:137) ~[forge-1.19.2-43.3.5-universal.jar%23658!/:?]
	at net.minecraft.server.MinecraftServer.m_130011_(MinecraftServer.java:690) ~[server-1.19.2-20220805.130853-srg.jar%23653!/:?]
	at net.minecraft.server.MinecraftServer.m_206580_(MinecraftServer.java:244) ~[server-1.19.2-20220805.130853-srg.jar%23653!/:?]
	at java.lang.Thread.run(Thread.java:1583) [?:?]
[16Oct2025 00:16:34.801] [Server thread/ERROR] [fuzs.nightconfigfixes.config.CheckedConfigFileTypeHandler/]: Failed to remove config /workspaces/serverMine/minecraft_serve/config/easy_villagers-server.toml from tracker!
java.lang.NullPointerException: Cannot read field "watchedFileCount" because "watchedDir" is null
	at com.electronwill.nightconfig.core.file.FileWatcher.removeWatch(FileWatcher.java:134) ~[core-3.6.4.jar%2356!/:?]
	at fuzs.nightconfigfixes.config.CheckedConfigFileTypeHandler.unload(CheckedConfigFileTypeHandler.java:137) ~[NightConfigFixes-v4.0.7-1.19.2-Forge.jar%23559!/:4.0.7]
	at net.minecraftforge.fml.config.ConfigTracker.closeConfig(ConfigTracker.java:70) ~[fmlcore-1.19.2-43.3.5.jar%23654!/:?]
	at net.minecraftforge.fml.config.ConfigTracker.lambda$unloadConfigs$2(ConfigTracker.java:55) ~[fmlcore-1.19.2-43.3.5.jar%23654!/:?]
	at java.lang.Iterable.forEach(Iterable.java:75) ~[?:?]
	at java.util.Collections$SynchronizedCollection.forEach(Collections.java:2351) ~[?:?]
	at net.minecraftforge.fml.config.ConfigTracker.unloadConfigs(ConfigTracker.java:55) ~[fmlcore-1.19.2-43.3.5.jar%23654!/:?]
	at net.minecraftforge.server.ServerLifecycleHooks.handleServerStopped(ServerLifecycleHooks.java:137) ~[forge-1.19.2-43.3.5-universal.jar%23658!/:?]
	at net.minecraft.server.MinecraftServer.m_130011_(MinecraftServer.java:690) ~[server-1.19.2-20220805.130853-srg.jar%23653!/:?]
	at net.minecraft.server.MinecraftServer.m_206580_(MinecraftServer.java:244) ~[server-1.19.2-20220805.130853-srg.jar%23653!/:?]
	at java.lang.Thread.run(Thread.java:1583) [?:?]
[16Oct2025 00:16:34.811] [Server thread/ERROR] [fuzs.nightconfigfixes.config.CheckedConfigFileTypeHandler/]: Failed to remove config /workspaces/serverMine/minecraft_serve/config/irons_spellbooks-server.toml from tracker!
java.lang.NullPointerException: Cannot read field "watchedFileCount" because "watchedDir" is null
	at com.electronwill.nightconfig.core.file.FileWatcher.removeWatch(FileWatcher.java:134) ~[core-3.6.4.jar%2356!/:?]
	at fuzs.nightconfigfixes.config.CheckedConfigFileTypeHandler.unload(CheckedConfigFileTypeHandler.java:137) ~[NightConfigFixes-v4.0.7-1.19.2-Forge.jar%23559!/:4.0.7]
	at net.minecraftforge.fml.config.ConfigTracker.closeConfig(ConfigTracker.java:70) ~[fmlcore-1.19.2-43.3.5.jar%23654!/:?]
	at net.minecraftforge.fml.config.ConfigTracker.lambda$unloadConfigs$2(ConfigTracker.java:55) ~[fmlcore-1.19.2-43.3.5.jar%23654!/:?]
	at java.lang.Iterable.forEach(Iterable.java:75) ~[?:?]
	at java.util.Collections$SynchronizedCollection.forEach(Collections.java:2351) ~[?:?]
	at net.minecraftforge.fml.config.ConfigTracker.unloadConfigs(ConfigTracker.java:55) ~[fmlcore-1.19.2-43.3.5.jar%23654!/:?]
	at net.minecraftforge.server.ServerLifecycleHooks.handleServerStopped(ServerLifecycleHooks.java:137) ~[forge-1.19.2-43.3.5-universal.jar%23658!/:?]
	at net.minecraft.server.MinecraftServer.m_130011_(MinecraftServer.java:690) ~[server-1.19.2-20220805.130853-srg.jar%23653!/:?]
	at net.minecraft.server.MinecraftServer.m_206580_(MinecraftServer.java:244) ~[server-1.19.2-20220805.130853-srg.jar%23653!/:?]
	at java.lang.Thread.run(Thread.java:1583) [?:?]
[16Oct2025 00:16:34.812] [Server thread/ERROR] [fuzs.nightconfigfixes.config.CheckedConfigFileTypeHandler/]: Failed to remove config /workspaces/serverMine/minecraft_serve/config/minecolonies-server.toml from tracker!
java.lang.NullPointerException: Cannot read field "watchedFileCount" because "watchedDir" is null
	at com.electronwill.nightconfig.core.file.FileWatcher.removeWatch(FileWatcher.java:134) ~[core-3.6.4.jar%2356!/:?]
	at fuzs.nightconfigfixes.config.CheckedConfigFileTypeHandler.unload(CheckedConfigFileTypeHandler.java:137) ~[NightConfigFixes-v4.0.7-1.19.2-Forge.jar%23559!/:4.0.7]
	at net.minecraftforge.fml.config.ConfigTracker.closeConfig(ConfigTracker.java:70) ~[fmlcore-1.19.2-43.3.5.jar%23654!/:?]
	at net.minecraftforge.fml.config.ConfigTracker.lambda$unloadConfigs$2(ConfigTracker.java:55) ~[fmlcore-1.19.2-43.3.5.jar%23654!/:?]
	at java.lang.Iterable.forEach(Iterable.java:75) ~[?:?]
	at java.util.Collections$SynchronizedCollection.forEach(Collections.java:2351) ~[?:?]
	at net.minecraftforge.fml.config.ConfigTracker.unloadConfigs(ConfigTracker.java:55) ~[fmlcore-1.19.2-43.3.5.jar%23654!/:?]
	at net.minecraftforge.server.ServerLifecycleHooks.handleServerStopped(ServerLifecycleHooks.java:137) ~[forge-1.19.2-43.3.5-universal.jar%23658!/:?]
	at net.minecraft.server.MinecraftServer.m_130011_(MinecraftServer.java:690) ~[server-1.19.2-20220805.130853-srg.jar%23653!/:?]
	at net.minecraft.server.MinecraftServer.m_206580_(MinecraftServer.java:244) ~[server-1.19.2-20220805.130853-srg.jar%23653!/:?]
	at java.lang.Thread.run(Thread.java:1583) [?:?]
